build/app/intermediates/manifest_merge_blame_file/release/manifest-merger-blame-release-report.txt
1<?xml version="1.0" encoding="utf-8"?>
2<manifest xmlns:android="http://schemas.android.com/apk/res/android"
3    package="pk.doctorzone.com"
4    android:versionCode="1"
5    android:versionName="1.0.1" >
6
7    <uses-sdk
8        android:minSdkVersion="21"
8-->src/main/AndroidManifest.xml
9        android:targetSdkVersion="30" />
9-->src/main/AndroidManifest.xml
10
11    <uses-permission android:name="android.permission.INTERNET" />
11-->src/main/AndroidManifest.xml:3:4-65
11-->src/main/AndroidManifest.xml:3:21-63
12    <uses-permission android:name="android.permission.CAMERA" />
12-->src/main/AndroidManifest.xml:4:4-63
12-->src/main/AndroidManifest.xml:4:21-61
13    <uses-permission
13-->src/main/AndroidManifest.xml:5:4-6:47
14        android:name="android.permission.WRITE_EXTERNAL_STORAGE"
14-->src/main/AndroidManifest.xml:5:21-77
15        android:maxSdkVersion="28" />
15-->src/main/AndroidManifest.xml:6:18-44
16    <uses-permission android:name="android.permission.ACCESS_MEDIA_LOCATION" />
16-->src/main/AndroidManifest.xml:7:4-78
16-->src/main/AndroidManifest.xml:7:21-76
17    <uses-permission android:name="android.permission.READ_EXTERNAL_STORAGE" /> <!-- Create a unique permission for your app and use it so only your app can receive your OneSignal messages. -->
17-->[:image_picker] AndroidManifest.xml:7:5-80
17-->[:image_picker] AndroidManifest.xml:7:22-77
18    <permission
18-->[com.onesignal:OneSignal:3.16.0] AndroidManifest.xml:7:5-9:47
19        android:name="pk.doctorzone.com.permission.C2D_MESSAGE"
19-->[com.onesignal:OneSignal:3.16.0] AndroidManifest.xml:8:9-63
20        android:protectionLevel="signature" />
20-->[com.onesignal:OneSignal:3.16.0] AndroidManifest.xml:9:9-44
21
22    <uses-permission android:name="pk.doctorzone.com.permission.C2D_MESSAGE" />
22-->[com.onesignal:OneSignal:3.16.0] AndroidManifest.xml:11:5-79
22-->[com.onesignal:OneSignal:3.16.0] AndroidManifest.xml:11:22-76
23    <uses-permission android:name="com.google.android.c2dm.permission.RECEIVE" /> <!-- Required, makes sure notifications are delivered on time. -->
23-->[com.onesignal:OneSignal:3.16.0] AndroidManifest.xml:17:5-82
23-->[com.onesignal:OneSignal:3.16.0] AndroidManifest.xml:17:22-79
24    <uses-permission android:name="android.permission.WAKE_LOCK" />
24-->[com.onesignal:OneSignal:3.16.0] AndroidManifest.xml:18:5-68
24-->[com.onesignal:OneSignal:3.16.0] AndroidManifest.xml:18:22-65
25    <!--
26 Required so the device vibrates on receiving a push notification.
27         Vibration settings of the device still apply.
28    -->
29    <uses-permission android:name="android.permission.VIBRATE" />
29-->[com.onesignal:OneSignal:3.16.0] AndroidManifest.xml:23:5-66
29-->[com.onesignal:OneSignal:3.16.0] AndroidManifest.xml:23:22-63
30    <uses-permission android:name="android.permission.ACCESS_NETWORK_STATE" />
30-->[com.onesignal:OneSignal:3.16.0] AndroidManifest.xml:24:5-79
30-->[com.onesignal:OneSignal:3.16.0] AndroidManifest.xml:24:22-76
31    <!--
32 Use to restore notifications the user hasn't interacted with.
33         They could be missed notifications if the user reboots their device if this isn't in place.
34    -->
35    <uses-permission android:name="android.permission.RECEIVE_BOOT_COMPLETED" /> <!-- START: ShortcutBadger -->
35-->[com.onesignal:OneSignal:3.16.0] AndroidManifest.xml:29:5-81
35-->[com.onesignal:OneSignal:3.16.0] AndroidManifest.xml:29:22-78
36    <!-- Samsung -->
37    <uses-permission android:name="com.sec.android.provider.badge.permission.READ" />
37-->[com.onesignal:OneSignal:3.16.0] AndroidManifest.xml:31:5-86
37-->[com.onesignal:OneSignal:3.16.0] AndroidManifest.xml:31:22-83
38    <uses-permission android:name="com.sec.android.provider.badge.permission.WRITE" /> <!-- HTC -->
38-->[com.onesignal:OneSignal:3.16.0] AndroidManifest.xml:32:5-87
38-->[com.onesignal:OneSignal:3.16.0] AndroidManifest.xml:32:22-84
39    <uses-permission android:name="com.htc.launcher.permission.READ_SETTINGS" />
39-->[com.onesignal:OneSignal:3.16.0] AndroidManifest.xml:33:5-81
39-->[com.onesignal:OneSignal:3.16.0] AndroidManifest.xml:33:22-78
40    <uses-permission android:name="com.htc.launcher.permission.UPDATE_SHORTCUT" /> <!-- Sony -->
40-->[com.onesignal:OneSignal:3.16.0] AndroidManifest.xml:34:5-83
40-->[com.onesignal:OneSignal:3.16.0] AndroidManifest.xml:34:22-80
41    <uses-permission android:name="com.sonyericsson.home.permission.BROADCAST_BADGE" />
41-->[com.onesignal:OneSignal:3.16.0] AndroidManifest.xml:35:5-88
41-->[com.onesignal:OneSignal:3.16.0] AndroidManifest.xml:35:22-85
42    <uses-permission android:name="com.sonymobile.home.permission.PROVIDER_INSERT_BADGE" /> <!-- Apex -->
42-->[com.onesignal:OneSignal:3.16.0] AndroidManifest.xml:36:5-92
42-->[com.onesignal:OneSignal:3.16.0] AndroidManifest.xml:36:22-89
43    <uses-permission android:name="com.anddoes.launcher.permission.UPDATE_COUNT" /> <!-- Solid -->
43-->[com.onesignal:OneSignal:3.16.0] AndroidManifest.xml:37:5-84
43-->[com.onesignal:OneSignal:3.16.0] AndroidManifest.xml:37:22-81
44    <uses-permission android:name="com.majeur.launcher.permission.UPDATE_BADGE" /> <!-- Huawei -->
44-->[com.onesignal:OneSignal:3.16.0] AndroidManifest.xml:38:5-83
44-->[com.onesignal:OneSignal:3.16.0] AndroidManifest.xml:38:22-80
45    <uses-permission android:name="com.huawei.android.launcher.permission.CHANGE_BADGE" />
45-->[com.onesignal:OneSignal:3.16.0] AndroidManifest.xml:39:5-91
45-->[com.onesignal:OneSignal:3.16.0] AndroidManifest.xml:39:22-88
46    <uses-permission android:name="com.huawei.android.launcher.permission.READ_SETTINGS" />
46-->[com.onesignal:OneSignal:3.16.0] AndroidManifest.xml:40:5-92
46-->[com.onesignal:OneSignal:3.16.0] AndroidManifest.xml:40:22-89
47    <uses-permission android:name="com.huawei.android.launcher.permission.WRITE_SETTINGS" /> <!-- ZUK -->
47-->[com.onesignal:OneSignal:3.16.0] AndroidManifest.xml:41:5-93
47-->[com.onesignal:OneSignal:3.16.0] AndroidManifest.xml:41:22-90
48    <uses-permission android:name="android.permission.READ_APP_BADGE" /> <!-- OPPO -->
48-->[com.onesignal:OneSignal:3.16.0] AndroidManifest.xml:42:5-73
48-->[com.onesignal:OneSignal:3.16.0] AndroidManifest.xml:42:22-70
49    <uses-permission android:name="com.oppo.launcher.permission.READ_SETTINGS" />
49-->[com.onesignal:OneSignal:3.16.0] AndroidManifest.xml:43:5-82
49-->[com.onesignal:OneSignal:3.16.0] AndroidManifest.xml:43:22-79
50    <uses-permission android:name="com.oppo.launcher.permission.WRITE_SETTINGS" /> <!-- EvMe -->
50-->[com.onesignal:OneSignal:3.16.0] AndroidManifest.xml:44:5-83
50-->[com.onesignal:OneSignal:3.16.0] AndroidManifest.xml:44:22-80
51    <uses-permission android:name="me.everything.badger.permission.BADGE_COUNT_READ" />
51-->[com.onesignal:OneSignal:3.16.0] AndroidManifest.xml:45:5-88
51-->[com.onesignal:OneSignal:3.16.0] AndroidManifest.xml:45:22-85
52    <uses-permission android:name="me.everything.badger.permission.BADGE_COUNT_WRITE" /> <!-- Permission will be merged into the manifest of the hosting app. -->
52-->[com.onesignal:OneSignal:3.16.0] AndroidManifest.xml:46:5-89
52-->[com.onesignal:OneSignal:3.16.0] AndroidManifest.xml:46:22-86
53    <!-- Is required to launch foreground extraction service for targetSdkVersion 28+. -->
54    <uses-permission android:name="android.permission.FOREGROUND_SERVICE" />
54-->[com.google.android.play:core:1.8.2] AndroidManifest.xml:8:3-74
54-->[com.google.android.play:core:1.8.2] AndroidManifest.xml:8:20-72
55
56    <application
56-->src/main/AndroidManifest.xml:9:4-48:19
57        android:appComponentFactory="androidx.core.app.CoreComponentFactory"
57-->[androidx.core:core:1.6.0] AndroidManifest.xml:24:18-86
58        android:icon="@mipmap/ic_launcher"
58-->src/main/AndroidManifest.xml:11:9-43
59        android:label="Practice App"
59-->src/main/AndroidManifest.xml:10:9-37
60        android:usesCleartextTraffic="true" >
60-->src/main/AndroidManifest.xml:12:9-44
61        <activity
61-->src/main/AndroidManifest.xml:14:9-42:20
62            android:name="pk.doctorzone.com.MainActivity"
62-->src/main/AndroidManifest.xml:15:13-41
63            android:configChanges="orientation|keyboardHidden|keyboard|screenSize|smallestScreenSize|locale|layoutDirection|fontScale|screenLayout|density|uiMode"
63-->src/main/AndroidManifest.xml:18:13-163
64            android:hardwareAccelerated="true"
64-->src/main/AndroidManifest.xml:19:13-47
65            android:launchMode="singleTop"
65-->src/main/AndroidManifest.xml:16:13-43
66            android:theme="@style/LaunchTheme"
66-->src/main/AndroidManifest.xml:17:13-47
67            android:windowSoftInputMode="adjustResize" >
67-->src/main/AndroidManifest.xml:20:13-55
68
69            <!--
70                 Specifies an Android theme to apply to this Activity as soon as
71                 the Android process has started. This theme is visible to the user
72                 while the Flutter UI initializes. After that, this theme continues
73                 to determine the Window background behind the Flutter UI.
74            -->
75            <meta-data
75-->src/main/AndroidManifest.xml:25:13-28:17
76                android:name="io.flutter.embedding.android.NormalTheme"
76-->src/main/AndroidManifest.xml:26:15-70
77                android:resource="@style/NormalTheme" />
77-->src/main/AndroidManifest.xml:27:15-52
78            <!--
79                 Displays an Android View that continues showing the launch screen
80                 Drawable until Flutter paints its first frame, then this splash
81                 screen fades out. A splash screen is useful to avoid any visual
82                 gap between the end of Android's launch screen and the painting of
83                 Flutter's first frame.
84            -->
85            <meta-data
85-->src/main/AndroidManifest.xml:34:13-37:17
86                android:name="io.flutter.embedding.android.SplashScreenDrawable"
86-->src/main/AndroidManifest.xml:35:15-79
87                android:resource="@drawable/launch_background" />
87-->src/main/AndroidManifest.xml:36:15-61
88
89            <intent-filter>
89-->src/main/AndroidManifest.xml:38:13-41:29
90                <action android:name="android.intent.action.MAIN" />
90-->src/main/AndroidManifest.xml:39:17-68
90-->src/main/AndroidManifest.xml:39:25-66
91
92                <category android:name="android.intent.category.LAUNCHER" />
92-->src/main/AndroidManifest.xml:40:17-76
92-->src/main/AndroidManifest.xml:40:27-74
93            </intent-filter>
94        </activity>
95        <!--
96             Don't delete the meta-data below.
97             This is used by the Flutter tool to generate GeneratedPluginRegistrant.java
98        -->
99        <meta-data
99-->src/main/AndroidManifest.xml:45:9-47:33
100            android:name="flutterEmbedding"
100-->src/main/AndroidManifest.xml:46:13-44
101            android:value="2" />
101-->src/main/AndroidManifest.xml:47:13-30
102
103        <provider
103-->[:image_picker] AndroidManifest.xml:11:9-19:20
104            android:name="io.flutter.plugins.imagepicker.ImagePickerFileProvider"
104-->[:image_picker] AndroidManifest.xml:12:13-82
105            android:authorities="pk.doctorzone.com.flutter.image_provider"
105-->[:image_picker] AndroidManifest.xml:13:13-74
106            android:exported="false"
106-->[:image_picker] AndroidManifest.xml:14:13-37
107            android:grantUriPermissions="true" >
107-->[:image_picker] AndroidManifest.xml:15:13-47
108            <meta-data
108-->[:image_picker] AndroidManifest.xml:16:13-18:75
109                android:name="android.support.FILE_PROVIDER_PATHS"
109-->[:image_picker] AndroidManifest.xml:17:17-67
110                android:resource="@xml/flutter_image_picker_file_paths" />
110-->[:image_picker] AndroidManifest.xml:18:17-72
111        </provider>
112
113        <activity
113-->[:url_launcher] AndroidManifest.xml:8:9-11:74
114            android:name="io.flutter.plugins.urllauncher.WebViewActivity"
114-->[:url_launcher] AndroidManifest.xml:9:13-74
115            android:exported="false"
115-->[:url_launcher] AndroidManifest.xml:10:13-37
116            android:theme="@android:style/Theme.NoTitleBar.Fullscreen" />
116-->[:url_launcher] AndroidManifest.xml:11:13-71
117
118        <meta-data
118-->[com.onesignal:OneSignal:3.16.0] AndroidManifest.xml:49:9-51:51
119            android:name="onesignal_app_id"
119-->[com.onesignal:OneSignal:3.16.0] AndroidManifest.xml:50:13-44
120            android:value="${onesignal_app_id}" /> <!-- Deprecated - Pulled from OneSignal dashboard. -->
120-->[com.onesignal:OneSignal:3.16.0] AndroidManifest.xml:51:13-48
121        <meta-data
121-->[com.onesignal:OneSignal:3.16.0] AndroidManifest.xml:53:9-55:70
122            android:name="onesignal_google_project_number"
122-->[com.onesignal:OneSignal:3.16.0] AndroidManifest.xml:54:13-59
123            android:value="str:${onesignal_google_project_number}" />
123-->[com.onesignal:OneSignal:3.16.0] AndroidManifest.xml:55:13-67
124
125        <receiver
125-->[com.onesignal:OneSignal:3.16.0] AndroidManifest.xml:57:9-67:20
126            android:name="com.onesignal.GcmBroadcastReceiver"
126-->[com.onesignal:OneSignal:3.16.0] AndroidManifest.xml:58:13-62
127            android:permission="com.google.android.c2dm.permission.SEND" >
127-->[com.onesignal:OneSignal:3.16.0] AndroidManifest.xml:59:13-73
128
129            <!-- High priority so OneSignal payloads can be filtered from other GCM receivers if filterOtherGCMReceivers is enabled. -->
130            <intent-filter android:priority="999" >
130-->[com.onesignal:OneSignal:3.16.0] AndroidManifest.xml:62:13-66:29
130-->[com.onesignal:OneSignal:3.16.0] AndroidManifest.xml:62:28-50
131                <action android:name="com.google.android.c2dm.intent.RECEIVE" />
131-->[com.onesignal:OneSignal:3.16.0] AndroidManifest.xml:63:17-81
131-->[com.onesignal:OneSignal:3.16.0] AndroidManifest.xml:63:25-78
132
133                <category android:name="pk.doctorzone.com" />
133-->[com.onesignal:OneSignal:3.16.0] AndroidManifest.xml:65:17-61
133-->[com.onesignal:OneSignal:3.16.0] AndroidManifest.xml:65:27-58
134            </intent-filter>
135        </receiver>
136        <receiver android:name="com.onesignal.NotificationOpenedReceiver" />
136-->[com.onesignal:OneSignal:3.16.0] AndroidManifest.xml:68:9-77
136-->[com.onesignal:OneSignal:3.16.0] AndroidManifest.xml:68:19-74
137
138        <service
138-->[com.onesignal:OneSignal:3.16.0] AndroidManifest.xml:70:9-76:19
139            android:name="com.onesignal.HmsMessageServiceOneSignal"
139-->[com.onesignal:OneSignal:3.16.0] AndroidManifest.xml:71:13-68
140            android:exported="false" >
140-->[com.onesignal:OneSignal:3.16.0] AndroidManifest.xml:72:13-37
141            <intent-filter>
141-->[com.onesignal:OneSignal:3.16.0] AndroidManifest.xml:73:13-75:29
142                <action android:name="com.huawei.push.action.MESSAGING_EVENT" />
142-->[com.onesignal:OneSignal:3.16.0] AndroidManifest.xml:74:17-81
142-->[com.onesignal:OneSignal:3.16.0] AndroidManifest.xml:74:25-78
143            </intent-filter>
144        </service>
145
146        <activity
146-->[com.onesignal:OneSignal:3.16.0] AndroidManifest.xml:78:9-84:20
147            android:name="com.onesignal.NotificationOpenedActivityHMS"
147-->[com.onesignal:OneSignal:3.16.0] AndroidManifest.xml:79:13-71
148            android:theme="@android:style/Theme.Translucent.NoTitleBar" >
148-->[com.onesignal:OneSignal:3.16.0] AndroidManifest.xml:80:13-72
149            <intent-filter>
149-->[com.onesignal:OneSignal:3.16.0] AndroidManifest.xml:81:13-83:29
150                <action android:name="android.intent.action.VIEW" />
150-->[com.onesignal:OneSignal:3.16.0] AndroidManifest.xml:82:17-69
150-->[com.onesignal:OneSignal:3.16.0] AndroidManifest.xml:82:25-66
151            </intent-filter>
152        </activity>
153
154        <service android:name="com.onesignal.GcmIntentService" />
154-->[com.onesignal:OneSignal:3.16.0] AndroidManifest.xml:86:9-66
154-->[com.onesignal:OneSignal:3.16.0] AndroidManifest.xml:86:18-63
155        <service
155-->[com.onesignal:OneSignal:3.16.0] AndroidManifest.xml:87:9-89:72
156            android:name="com.onesignal.GcmIntentJobService"
156-->[com.onesignal:OneSignal:3.16.0] AndroidManifest.xml:88:13-61
157            android:permission="android.permission.BIND_JOB_SERVICE" />
157-->[com.onesignal:OneSignal:3.16.0] AndroidManifest.xml:89:13-69
158        <service
158-->[com.onesignal:OneSignal:3.16.0] AndroidManifest.xml:90:9-92:72
159            android:name="com.onesignal.RestoreJobService"
159-->[com.onesignal:OneSignal:3.16.0] AndroidManifest.xml:91:13-59
160            android:permission="android.permission.BIND_JOB_SERVICE" />
160-->[com.onesignal:OneSignal:3.16.0] AndroidManifest.xml:92:13-69
161        <service
161-->[com.onesignal:OneSignal:3.16.0] AndroidManifest.xml:93:9-95:72
162            android:name="com.onesignal.RestoreKickoffJobService"
162-->[com.onesignal:OneSignal:3.16.0] AndroidManifest.xml:94:13-66
163            android:permission="android.permission.BIND_JOB_SERVICE" />
163-->[com.onesignal:OneSignal:3.16.0] AndroidManifest.xml:95:13-69
164        <service
164-->[com.onesignal:OneSignal:3.16.0] AndroidManifest.xml:96:9-98:43
165            android:name="com.onesignal.SyncService"
165-->[com.onesignal:OneSignal:3.16.0] AndroidManifest.xml:97:13-53
166            android:stopWithTask="true" />
166-->[com.onesignal:OneSignal:3.16.0] AndroidManifest.xml:98:13-40
167        <service
167-->[com.onesignal:OneSignal:3.16.0] AndroidManifest.xml:99:9-101:72
168            android:name="com.onesignal.SyncJobService"
168-->[com.onesignal:OneSignal:3.16.0] AndroidManifest.xml:100:13-56
169            android:permission="android.permission.BIND_JOB_SERVICE" />
169-->[com.onesignal:OneSignal:3.16.0] AndroidManifest.xml:101:13-69
170
171        <activity
171-->[com.onesignal:OneSignal:3.16.0] AndroidManifest.xml:103:9-105:75
172            android:name="com.onesignal.PermissionsActivity"
172-->[com.onesignal:OneSignal:3.16.0] AndroidManifest.xml:104:13-61
173            android:theme="@android:style/Theme.Translucent.NoTitleBar" />
173-->[com.onesignal:OneSignal:3.16.0] AndroidManifest.xml:105:13-72
174
175        <service android:name="com.onesignal.NotificationRestoreService" />
175-->[com.onesignal:OneSignal:3.16.0] AndroidManifest.xml:107:9-76
175-->[com.onesignal:OneSignal:3.16.0] AndroidManifest.xml:107:18-73
176
177        <receiver android:name="com.onesignal.BootUpReceiver" >
177-->[com.onesignal:OneSignal:3.16.0] AndroidManifest.xml:109:9-114:20
177-->[com.onesignal:OneSignal:3.16.0] AndroidManifest.xml:109:19-62
178            <intent-filter>
178-->[com.onesignal:OneSignal:3.16.0] AndroidManifest.xml:110:13-113:29
179                <action android:name="android.intent.action.BOOT_COMPLETED" />
179-->[com.onesignal:OneSignal:3.16.0] AndroidManifest.xml:111:17-79
179-->[com.onesignal:OneSignal:3.16.0] AndroidManifest.xml:111:25-76
180                <action android:name="android.intent.action.QUICKBOOT_POWERON" />
180-->[com.onesignal:OneSignal:3.16.0] AndroidManifest.xml:112:17-82
180-->[com.onesignal:OneSignal:3.16.0] AndroidManifest.xml:112:25-79
181            </intent-filter>
182        </receiver>
183        <receiver android:name="com.onesignal.UpgradeReceiver" >
183-->[com.onesignal:OneSignal:3.16.0] AndroidManifest.xml:115:9-119:20
183-->[com.onesignal:OneSignal:3.16.0] AndroidManifest.xml:115:19-63
184            <intent-filter>
184-->[com.onesignal:OneSignal:3.16.0] AndroidManifest.xml:116:13-118:29
185                <action android:name="android.intent.action.MY_PACKAGE_REPLACED" />
185-->[com.onesignal:OneSignal:3.16.0] AndroidManifest.xml:117:17-84
185-->[com.onesignal:OneSignal:3.16.0] AndroidManifest.xml:117:25-81
186            </intent-filter>
187        </receiver>
188        <!--
189             FirebaseMessagingService performs security checks at runtime,
190             no need for explicit permissions despite exported="true"
191        -->
192        <service
192-->[com.google.firebase:firebase-messaging:17.3.3] AndroidManifest.xml:28:9-34:19
193            android:name="com.google.firebase.messaging.FirebaseMessagingService"
193-->[com.google.firebase:firebase-messaging:17.3.3] AndroidManifest.xml:29:13-82
194            android:exported="true" >
194-->[com.google.firebase:firebase-messaging:17.3.3] AndroidManifest.xml:30:13-36
195            <intent-filter android:priority="-500" >
195-->[com.google.firebase:firebase-messaging:17.3.3] AndroidManifest.xml:31:13-33:29
195-->[com.google.firebase:firebase-messaging:17.3.3] AndroidManifest.xml:31:28-51
196                <action android:name="com.google.firebase.MESSAGING_EVENT" />
196-->[com.google.firebase:firebase-messaging:17.3.3] AndroidManifest.xml:32:17-78
196-->[com.google.firebase:firebase-messaging:17.3.3] AndroidManifest.xml:32:25-75
197            </intent-filter>
198        </service>
199        <service
199-->[com.google.firebase:firebase-iid:17.0.3] AndroidManifest.xml:29:9-35:19
200            android:name="com.google.firebase.components.ComponentDiscoveryService"
200-->[com.google.firebase:firebase-iid:17.0.3] AndroidManifest.xml:30:13-84
201            android:exported="false" >
201-->[com.google.firebase:firebase-iid:17.0.3] AndroidManifest.xml:31:13-37
202            <meta-data
202-->[com.google.firebase:firebase-iid:17.0.3] AndroidManifest.xml:32:13-34:85
203                android:name="com.google.firebase.components:com.google.firebase.iid.Registrar"
203-->[com.google.firebase:firebase-iid:17.0.3] AndroidManifest.xml:33:17-96
204                android:value="com.google.firebase.components.ComponentRegistrar" />
204-->[com.google.firebase:firebase-iid:17.0.3] AndroidManifest.xml:34:17-82
205        </service>
206
207        <receiver
207-->[com.google.firebase:firebase-iid:17.0.3] AndroidManifest.xml:37:9-44:20
208            android:name="com.google.firebase.iid.FirebaseInstanceIdReceiver"
208-->[com.google.firebase:firebase-iid:17.0.3] AndroidManifest.xml:38:13-78
209            android:exported="true"
209-->[com.google.firebase:firebase-iid:17.0.3] AndroidManifest.xml:39:13-36
210            android:permission="com.google.android.c2dm.permission.SEND" >
210-->[com.google.firebase:firebase-iid:17.0.3] AndroidManifest.xml:40:13-73
211            <intent-filter>
211-->[com.google.firebase:firebase-iid:17.0.3] AndroidManifest.xml:41:13-43:29
212                <action android:name="com.google.android.c2dm.intent.RECEIVE" />
212-->[com.onesignal:OneSignal:3.16.0] AndroidManifest.xml:63:17-81
212-->[com.onesignal:OneSignal:3.16.0] AndroidManifest.xml:63:25-78
213            </intent-filter>
214        </receiver>
215        <!--
216             FirebaseInstanceIdService performs security checks at runtime,
217             no need for explicit permissions despite exported="true"
218        -->
219        <service
219-->[com.google.firebase:firebase-iid:17.0.3] AndroidManifest.xml:50:9-56:19
220            android:name="com.google.firebase.iid.FirebaseInstanceIdService"
220-->[com.google.firebase:firebase-iid:17.0.3] AndroidManifest.xml:51:13-77
221            android:exported="true" >
221-->[com.google.firebase:firebase-iid:17.0.3] AndroidManifest.xml:52:13-36
222            <intent-filter android:priority="-500" >
222-->[com.google.firebase:firebase-iid:17.0.3] AndroidManifest.xml:53:13-55:29
222-->[com.google.firebase:firebase-iid:17.0.3] AndroidManifest.xml:53:28-51
223                <action android:name="com.google.firebase.INSTANCE_ID_EVENT" />
223-->[com.google.firebase:firebase-iid:17.0.3] AndroidManifest.xml:54:17-80
223-->[com.google.firebase:firebase-iid:17.0.3] AndroidManifest.xml:54:25-77
224            </intent-filter>
225        </service>
226
227        <activity
227-->[com.google.android.gms:play-services-base:16.0.1] AndroidManifest.xml:23:9-26:75
228            android:name="com.google.android.gms.common.api.GoogleApiActivity"
228-->[com.google.android.gms:play-services-base:16.0.1] AndroidManifest.xml:24:13-79
229            android:exported="false"
229-->[com.google.android.gms:play-services-base:16.0.1] AndroidManifest.xml:25:13-37
230            android:theme="@android:style/Theme.Translucent.NoTitleBar" />
230-->[com.google.android.gms:play-services-base:16.0.1] AndroidManifest.xml:26:13-72
231
232        <provider
232-->[com.google.firebase:firebase-common:16.0.3] AndroidManifest.xml:10:9-14:39
233            android:name="com.google.firebase.provider.FirebaseInitProvider"
233-->[com.google.firebase:firebase-common:16.0.3] AndroidManifest.xml:11:13-77
234            android:authorities="pk.doctorzone.com.firebaseinitprovider"
234-->[com.google.firebase:firebase-common:16.0.3] AndroidManifest.xml:12:13-72
235            android:exported="false"
235-->[com.google.firebase:firebase-common:16.0.3] AndroidManifest.xml:13:13-37
236            android:initOrder="100" />
236-->[com.google.firebase:firebase-common:16.0.3] AndroidManifest.xml:14:13-36
237
238        <meta-data
238-->[com.google.android.gms:play-services-basement:16.0.1] AndroidManifest.xml:23:9-25:69
239            android:name="com.google.android.gms.version"
239-->[com.google.android.gms:play-services-basement:16.0.1] AndroidManifest.xml:24:13-58
240            android:value="@integer/google_play_services_version" /> <!-- The activities will be merged into the manifest of the hosting app. -->
240-->[com.google.android.gms:play-services-basement:16.0.1] AndroidManifest.xml:25:13-66
241        <activity
241-->[com.google.android.play:core:1.8.2] AndroidManifest.xml:12:5-271
242            android:name="com.google.android.play.core.missingsplits.PlayCoreMissingSplitsActivity"
242-->[com.google.android.play:core:1.8.2] AndroidManifest.xml:12:15-102
243            android:enabled="false"
243-->[com.google.android.play:core:1.8.2] AndroidManifest.xml:12:103-126
244            android:exported="false"
244-->[com.google.android.play:core:1.8.2] AndroidManifest.xml:12:127-151
245            android:launchMode="singleInstance"
245-->[com.google.android.play:core:1.8.2] AndroidManifest.xml:12:204-239
246            android:process=":playcore_missing_splits_activity"
246-->[com.google.android.play:core:1.8.2] AndroidManifest.xml:12:152-203
247            android:stateNotNeeded="true" />
247-->[com.google.android.play:core:1.8.2] AndroidManifest.xml:12:240-269
248        <activity
248-->[com.google.android.play:core:1.8.2] AndroidManifest.xml:13:5-226
249            android:name="com.google.android.play.core.common.PlayCoreDialogWrapperActivity"
249-->[com.google.android.play:core:1.8.2] AndroidManifest.xml:13:15-95
250            android:enabled="false"
250-->[com.google.android.play:core:1.8.2] AndroidManifest.xml:13:96-119
251            android:exported="false"
251-->[com.google.android.play:core:1.8.2] AndroidManifest.xml:13:120-144
252            android:stateNotNeeded="true"
252-->[com.google.android.play:core:1.8.2] AndroidManifest.xml:13:145-174
253            android:theme="@style/Theme.PlayCore.Transparent" /> <!-- The service will be merged into the manifest of the hosting app. -->
253-->[com.google.android.play:core:1.8.2] AndroidManifest.xml:13:175-224
254        <service
254-->[com.google.android.play:core:1.8.2] AndroidManifest.xml:16:5-145
255            android:name="com.google.android.play.core.assetpacks.AssetPackExtractionService"
255-->[com.google.android.play:core:1.8.2] AndroidManifest.xml:16:14-95
256            android:enabled="false"
256-->[com.google.android.play:core:1.8.2] AndroidManifest.xml:16:96-119
257            android:exported="true" />
257-->[com.google.android.play:core:1.8.2] AndroidManifest.xml:16:120-143
258    </application>
259
260</manifest>